[debug] [2018-01-15T03:15:22.706Z] ----------------------------------------------------------------------
[debug] [2018-01-15T03:15:22.710Z] Command:       /usr/local/bin/node /usr/local/bin/firebase deploy
[debug] [2018-01-15T03:15:22.711Z] CLI Version:   3.16.0
[debug] [2018-01-15T03:15:22.711Z] Platform:      darwin
[debug] [2018-01-15T03:15:22.711Z] Node Version:  v6.11.4
[debug] [2018-01-15T03:15:22.712Z] Time:          Sun Jan 14 2018 22:15:22 GMT-0500 (EST)
[debug] [2018-01-15T03:15:22.712Z] ----------------------------------------------------------------------
[debug] 
[debug] [2018-01-15T03:15:22.729Z] > command requires scopes: ["email","openid","https://www.googleapis.com/auth/cloudplatformprojects.readonly","https://www.googleapis.com/auth/firebase","https://www.googleapis.com/auth/cloud-platform"]
[debug] [2018-01-15T03:15:22.729Z] > authorizing via signed-in user
[debug] [2018-01-15T03:15:22.731Z] >>> HTTP REQUEST GET https://admin.firebase.com/v1/projects/cvweb-abadc  
  
 Sun Jan 14 2018 22:15:22 GMT-0500 (EST)
[debug] [2018-01-15T03:15:23.208Z] <<< HTTP RESPONSE 200
[debug] [2018-01-15T03:15:23.209Z] >>> HTTP REQUEST GET https://admin.firebase.com/v1/database/cvweb-abadc/tokens  
  
 Sun Jan 14 2018 22:15:23 GMT-0500 (EST)
[debug] [2018-01-15T03:15:23.839Z] <<< HTTP RESPONSE 200
[info] 
[info] === Deploying to 'cvweb-abadc'...
[info] 
[info] i  deploying hosting
[info] i  hosting: preparing HTML directory for upload...
[debug] [2018-01-15T03:15:25.202Z] >>> HTTP REQUEST PUT https://deploy.firebase.com/v1/hosting/cvweb-abadc/uploads/-L2ro6q9NQEUO4qHdvib?fileCount=123&message=  
  
 Sun Jan 14 2018 22:15:25 GMT-0500 (EST)
